2014/02/27 23:05:00 [error] [exception.CException] exception 'CException' with message 'User and its behaviors do not have a method or closure named "encrypt".' in /home/ye/dev/Graduation-Project/framework/base/CComponent.php:266
Stack trace:
#0 /home/ye/dev/Graduation-Project/framework/db/ar/CActiveRecord.php(227): CComponent->__call('encrypt', Array)
#1 /home/ye/dev/Graduation-Project/application/protected/components/UserIdentity.php(24): CActiveRecord->__call('encrypt', Array)
#2 /home/ye/dev/Graduation-Project/application/protected/components/UserIdentity.php(24): User->encrypt('123456')
#3 /home/ye/dev/Graduation-Project/application/protected/models/LoginForm.php(52): UserIdentity->authenticate()
#4 /home/ye/dev/Graduation-Project/framework/validators/CInlineValidator.php(42): LoginForm->authenticate('password', Array)
#5 /home/ye/dev/Graduation-Project/framework/validators/CValidator.php(213): CInlineValidator->validateAttribute(Object(LoginForm), 'password')
#6 /home/ye/dev/Graduation-Project/framework/base/CModel.php(159): CValidator->validate(Object(LoginForm), NULL)
#7 /home/ye/dev/Graduation-Project/application/protected/controllers/SiteController.php(94): CModel->validate()
#8 /home/ye/dev/Graduation-Project/framework/web/actions/CInlineAction.php(49): SiteController->actionLogin()
#9 /home/ye/dev/Graduation-Project/framework/web/CController.php(308): CInlineAction->runWithParams(Array)
#10 /home/ye/dev/Graduation-Project/framework/web/CController.php(286): CController->runAction(Object(CInlineAction))
#11 /home/ye/dev/Graduation-Project/framework/web/CController.php(265): CController->runActionWithFilters(Object(CInlineAction), Array)
#12 /home/ye/dev/Graduation-Project/framework/web/CWebApplication.php(282): CController->run('login')
#13 /home/ye/dev/Graduation-Project/framework/web/CWebApplication.php(141): CWebApplication->runController('site/login')
#14 /home/ye/dev/Graduation-Project/framework/base/CApplication.php(180): CWebApplication->processRequest()
#15 /home/ye/dev/Graduation-Project/application/index.php(13): CApplication->run()
#16 {main}
REQUEST_URI=/application/index.php?r=site/login
HTTP_REFERER=http://graduate.dev/application/index.php?r=site/login
---
2014/02/27 23:05:43 [error] [exception.CException] exception 'CException' with message 'Property "UserIdentity._id" is not defined.' in /home/ye/dev/Graduation-Project/framework/base/CComponent.php:173
Stack trace:
#0 /home/ye/dev/Graduation-Project/application/protected/components/UserIdentity.php(27): CComponent->__set('_id', '1')
#1 /home/ye/dev/Graduation-Project/application/protected/models/LoginForm.php(52): UserIdentity->authenticate()
#2 /home/ye/dev/Graduation-Project/framework/validators/CInlineValidator.php(42): LoginForm->authenticate('password', Array)
#3 /home/ye/dev/Graduation-Project/framework/validators/CValidator.php(213): CInlineValidator->validateAttribute(Object(LoginForm), 'password')
#4 /home/ye/dev/Graduation-Project/framework/base/CModel.php(159): CValidator->validate(Object(LoginForm), NULL)
#5 /home/ye/dev/Graduation-Project/application/protected/controllers/SiteController.php(94): CModel->validate()
#6 /home/ye/dev/Graduation-Project/framework/web/actions/CInlineAction.php(49): SiteController->actionLogin()
#7 /home/ye/dev/Graduation-Project/framework/web/CController.php(308): CInlineAction->runWithParams(Array)
#8 /home/ye/dev/Graduation-Project/framework/web/CController.php(286): CController->runAction(Object(CInlineAction))
#9 /home/ye/dev/Graduation-Project/framework/web/CController.php(265): CController->runActionWithFilters(Object(CInlineAction), Array)
#10 /home/ye/dev/Graduation-Project/framework/web/CWebApplication.php(282): CController->run('login')
#11 /home/ye/dev/Graduation-Project/framework/web/CWebApplication.php(141): CWebApplication->runController('site/login')
#12 /home/ye/dev/Graduation-Project/framework/base/CApplication.php(180): CWebApplication->processRequest()
#13 /home/ye/dev/Graduation-Project/application/index.php(13): CApplication->run()
#14 {main}
REQUEST_URI=/application/index.php?r=site/login
HTTP_REFERER=http://graduate.dev/application/index.php?r=site/login
---
2014/03/03 19:35:31 [error] [exception.CHttpException.404] exception 'CHttpException' with message 'Unable to resolve the request "admin".' in /home/ye/dev/Graduation-Project/framework/web/CWebApplication.php:286
Stack trace:
#0 /home/ye/dev/Graduation-Project/framework/web/CWebApplication.php(141): CWebApplication->runController('admin')
#1 /home/ye/dev/Graduation-Project/framework/base/CApplication.php(180): CWebApplication->processRequest()
#2 /home/ye/dev/Graduation-Project/application/index.php(13): CApplication->run()
#3 {main}
REQUEST_URI=/application/index.php?r=admin
---
2014/03/03 19:35:35 [error] [exception.CHttpException.404] exception 'CHttpException' with message 'Unable to resolve the request "admin/1".' in /home/ye/dev/Graduation-Project/framework/web/CWebApplication.php:286
Stack trace:
#0 /home/ye/dev/Graduation-Project/framework/web/CWebApplication.php(141): CWebApplication->runController('admin/1')
#1 /home/ye/dev/Graduation-Project/framework/base/CApplication.php(180): CWebApplication->processRequest()
#2 /home/ye/dev/Graduation-Project/application/index.php(13): CApplication->run()
#3 {main}
REQUEST_URI=/application/index.php?r=admin/1
---
2014/03/03 19:35:39 [error] [exception.CHttpException.404] exception 'CHttpException' with message 'Unable to resolve the request "admin/index".' in /home/ye/dev/Graduation-Project/framework/web/CWebApplication.php:286
Stack trace:
#0 /home/ye/dev/Graduation-Project/framework/web/CWebApplication.php(141): CWebApplication->runController('admin/index')
#1 /home/ye/dev/Graduation-Project/framework/base/CApplication.php(180): CWebApplication->processRequest()
#2 /home/ye/dev/Graduation-Project/application/index.php(13): CApplication->run()
#3 {main}
REQUEST_URI=/application/index.php?r=admin/index
---
2014/03/03 19:59:21 [error] [exception.CException] exception 'CException' with message 'Filter "inlineFilterName" is invalid. Controller "AdminController" does not have the filter method "filterinlineFilterName".' in /home/ye/dev/Graduation-Project/framework/web/filters/CInlineFilter.php:46
Stack trace:
#0 /home/ye/dev/Graduation-Project/framework/web/filters/CFilterChain.php(72): CInlineFilter::create(Object(AdminController), 'inlineFilterNam...')
#1 /home/ye/dev/Graduation-Project/framework/web/CController.php(291): CFilterChain::create(Object(AdminController), Object(CInlineAction), Array)
#2 /home/ye/dev/Graduation-Project/framework/web/CController.php(265): CController->runActionWithFilters(Object(CInlineAction), Array)
#3 /home/ye/dev/Graduation-Project/framework/web/CWebApplication.php(282): CController->run('index')
#4 /home/ye/dev/Graduation-Project/framework/web/CWebApplication.php(141): CWebApplication->runController('admin/index')
#5 /home/ye/dev/Graduation-Project/framework/base/CApplication.php(180): CWebApplication->processRequest()
#6 /home/ye/dev/Graduation-Project/application/index.php(13): CApplication->run()
#7 {main}
REQUEST_URI=/application/index.php?r=admin/index
---
2014/03/03 20:03:06 [error] [exception.CException] exception 'CException' with message 'Alias "bootstrap.widgets.TbDetailView" is invalid. Make sure it points to an existing directory or file.' in /home/ye/dev/Graduation-Project/framework/YiiBase.php:347
Stack trace:
#0 /home/ye/dev/Graduation-Project/framework/web/CWidgetFactory.php(146): YiiBase::import('bootstrap.widge...', true)
#1 /home/ye/dev/Graduation-Project/framework/web/CBaseController.php(146): CWidgetFactory->createWidget(Object(UserController), 'bootstrap.widge...', Array)
#2 /home/ye/dev/Graduation-Project/framework/web/CBaseController.php(172): CBaseController->createWidget('bootstrap.widge...', Array)
#3 /home/ye/dev/Graduation-Project/application/protected/views/user/view.php(29): CBaseController->widget('bootstrap.widge...', Array)
#4 /home/ye/dev/Graduation-Project/framework/web/CBaseController.php(126): require('/home/ye/dev/Gr...')
#5 /home/ye/dev/Graduation-Project/framework/web/CBaseController.php(95): CBaseController->renderInternal('/home/ye/dev/Gr...', Array, true)
#6 /home/ye/dev/Graduation-Project/framework/web/CController.php(869): CBaseController->renderFile('/home/ye/dev/Gr...', Array, true)
#7 /home/ye/dev/Graduation-Project/framework/web/CController.php(782): CController->renderPartial('view', Array, true)
#8 /home/ye/dev/Graduation-Project/application/protected/controllers/UserController.php(57): CController->render('view', Array)
#9 [internal function]: UserController->actionView('1')
#10 /home/ye/dev/Graduation-Project/framework/web/actions/CAction.php(108): ReflectionMethod->invokeArgs(Object(UserController), Array)
#11 /home/ye/dev/Graduation-Project/framework/web/actions/CInlineAction.php(47): CAction->runWithParamsInternal(Object(UserController), Object(ReflectionMethod), Array)
#12 /home/ye/dev/Graduation-Project/framework/web/CController.php(308): CInlineAction->runWithParams(Array)
#13 /home/ye/dev/Graduation-Project/framework/web/filters/CFilterChain.php(133): CController->runAction(Object(CInlineAction))
#14 /home/ye/dev/Graduation-Project/framework/web/filters/CFilter.php(40): CFilterChain->run()
#15 /home/ye/dev/Graduation-Project/framework/web/CController.php(1145): CFilter->filter(Object(CFilterChain))
#16 /home/ye/dev/Graduation-Project/framework/web/filters/CInlineFilter.php(58): CController->filterAccessControl(Object(CFilterChain))
#17 /home/ye/dev/Graduation-Project/framework/web/filters/CFilterChain.php(130): CInlineFilter->filter(Object(CFilterChain))
#18 /home/ye/dev/Graduation-Project/framework/web/CController.php(291): CFilterChain->run()
#19 /home/ye/dev/Graduation-Project/framework/web/CController.php(265): CController->runActionWithFilters(Object(CInlineAction), Array)
#20 /home/ye/dev/Graduation-Project/framework/web/CWebApplication.php(282): CController->run('view')
#21 /home/ye/dev/Graduation-Project/framework/web/CWebApplication.php(141): CWebApplication->runController('user/view')
#22 /home/ye/dev/Graduation-Project/framework/base/CApplication.php(180): CWebApplication->processRequest()
#23 /home/ye/dev/Graduation-Project/application/index.php(13): CApplication->run()
#24 {main}
REQUEST_URI=/application/index.php?r=user/view&id=1
HTTP_REFERER=http://graduate.dev/application/index.php?r=user
---
2014/03/03 20:03:23 [error] [exception.CHttpException.403] exception 'CHttpException' with message 'You are not authorized to perform this action.' in /home/ye/dev/Graduation-Project/framework/web/auth/CAccessControlFilter.php:182
Stack trace:
#0 /home/ye/dev/Graduation-Project/framework/web/auth/CAccessControlFilter.php(145): CAccessControlFilter->accessDenied(Object(CWebUser), 'You are not aut...')
#1 /home/ye/dev/Graduation-Project/framework/web/filters/CFilter.php(38): CAccessControlFilter->preFilter(Object(CFilterChain))
#2 /home/ye/dev/Graduation-Project/framework/web/CController.php(1145): CFilter->filter(Object(CFilterChain))
#3 /home/ye/dev/Graduation-Project/framework/web/filters/CInlineFilter.php(58): CController->filterAccessControl(Object(CFilterChain))
#4 /home/ye/dev/Graduation-Project/framework/web/filters/CFilterChain.php(130): CInlineFilter->filter(Object(CFilterChain))
#5 /home/ye/dev/Graduation-Project/framework/web/CController.php(291): CFilterChain->run()
#6 /home/ye/dev/Graduation-Project/framework/web/CController.php(265): CController->runActionWithFilters(Object(CInlineAction), Array)
#7 /home/ye/dev/Graduation-Project/framework/web/CWebApplication.php(282): CController->run('admin')
#8 /home/ye/dev/Graduation-Project/framework/web/CWebApplication.php(141): CWebApplication->runController('user/admin')
#9 /home/ye/dev/Graduation-Project/framework/base/CApplication.php(180): CWebApplication->processRequest()
#10 /home/ye/dev/Graduation-Project/application/index.php(13): CApplication->run()
#11 {main}
REQUEST_URI=/application/index.php?r=user/admin
HTTP_REFERER=http://graduate.dev/application/index.php?r=site/login
---
2014/03/03 20:03:52 [error] [exception.CException] exception 'CException' with message 'Alias "bootstrap.widgets.TbDetailView" is invalid. Make sure it points to an existing directory or file.' in /home/ye/dev/Graduation-Project/framework/YiiBase.php:347
Stack trace:
#0 /home/ye/dev/Graduation-Project/framework/web/CWidgetFactory.php(146): YiiBase::import('bootstrap.widge...', true)
#1 /home/ye/dev/Graduation-Project/framework/web/CBaseController.php(146): CWidgetFactory->createWidget(Object(UserController), 'bootstrap.widge...', Array)
#2 /home/ye/dev/Graduation-Project/framework/web/CBaseController.php(172): CBaseController->createWidget('bootstrap.widge...', Array)
#3 /home/ye/dev/Graduation-Project/application/protected/views/user/view.php(29): CBaseController->widget('bootstrap.widge...', Array)
#4 /home/ye/dev/Graduation-Project/framework/web/CBaseController.php(126): require('/home/ye/dev/Gr...')
#5 /home/ye/dev/Graduation-Project/framework/web/CBaseController.php(95): CBaseController->renderInternal('/home/ye/dev/Gr...', Array, true)
#6 /home/ye/dev/Graduation-Project/framework/web/CController.php(869): CBaseController->renderFile('/home/ye/dev/Gr...', Array, true)
#7 /home/ye/dev/Graduation-Project/framework/web/CController.php(782): CController->renderPartial('view', Array, true)
#8 /home/ye/dev/Graduation-Project/application/protected/controllers/UserController.php(56): CController->render('view', Array)
#9 [internal function]: UserController->actionView('1')
#10 /home/ye/dev/Graduation-Project/framework/web/actions/CAction.php(108): ReflectionMethod->invokeArgs(Object(UserController), Array)
#11 /home/ye/dev/Graduation-Project/framework/web/actions/CInlineAction.php(47): CAction->runWithParamsInternal(Object(UserController), Object(ReflectionMethod), Array)
#12 /home/ye/dev/Graduation-Project/framework/web/CController.php(308): CInlineAction->runWithParams(Array)
#13 /home/ye/dev/Graduation-Project/framework/web/filters/CFilterChain.php(133): CController->runAction(Object(CInlineAction))
#14 /home/ye/dev/Graduation-Project/framework/web/CController.php(291): CFilterChain->run()
#15 /home/ye/dev/Graduation-Project/framework/web/CController.php(265): CController->runActionWithFilters(Object(CInlineAction), Array)
#16 /home/ye/dev/Graduation-Project/framework/web/CWebApplication.php(282): CController->run('view')
#17 /home/ye/dev/Graduation-Project/framework/web/CWebApplication.php(141): CWebApplication->runController('user/view')
#18 /home/ye/dev/Graduation-Project/framework/base/CApplication.php(180): CWebApplication->processRequest()
#19 /home/ye/dev/Graduation-Project/application/index.php(13): CApplication->run()
#20 {main}
REQUEST_URI=/application/index.php?r=user/view&id=1
HTTP_REFERER=http://graduate.dev/application/index.php?r=user/index
---
2014/03/03 20:05:01 [error] [exception.CException] exception 'CException' with message 'Alias "bootstrap.widgets.TbDetailView" is invalid. Make sure it points to an existing directory or file.' in /home/ye/dev/Graduation-Project/framework/YiiBase.php:347
Stack trace:
#0 /home/ye/dev/Graduation-Project/framework/web/CWidgetFactory.php(146): YiiBase::import('bootstrap.widge...', true)
#1 /home/ye/dev/Graduation-Project/framework/web/CBaseController.php(146): CWidgetFactory->createWidget(Object(UserController), 'bootstrap.widge...', Array)
#2 /home/ye/dev/Graduation-Project/framework/web/CBaseController.php(172): CBaseController->createWidget('bootstrap.widge...', Array)
#3 /home/ye/dev/Graduation-Project/application/protected/views/user/view.php(29): CBaseController->widget('bootstrap.widge...', Array)
#4 /home/ye/dev/Graduation-Project/framework/web/CBaseController.php(126): require('/home/ye/dev/Gr...')
#5 /home/ye/dev/Graduation-Project/framework/web/CBaseController.php(95): CBaseController->renderInternal('/home/ye/dev/Gr...', Array, true)
#6 /home/ye/dev/Graduation-Project/framework/web/CController.php(869): CBaseController->renderFile('/home/ye/dev/Gr...', Array, true)
#7 /home/ye/dev/Graduation-Project/framework/web/CController.php(782): CController->renderPartial('view', Array, true)
#8 /home/ye/dev/Graduation-Project/application/protected/controllers/UserController.php(56): CController->render('view', Array)
#9 [internal function]: UserController->actionView('1')
#10 /home/ye/dev/Graduation-Project/framework/web/actions/CAction.php(108): ReflectionMethod->invokeArgs(Object(UserController), Array)
#11 /home/ye/dev/Graduation-Project/framework/web/actions/CInlineAction.php(47): CAction->runWithParamsInternal(Object(UserController), Object(ReflectionMethod), Array)
#12 /home/ye/dev/Graduation-Project/framework/web/CController.php(308): CInlineAction->runWithParams(Array)
#13 /home/ye/dev/Graduation-Project/framework/web/filters/CFilterChain.php(133): CController->runAction(Object(CInlineAction))
#14 /home/ye/dev/Graduation-Project/framework/web/CController.php(291): CFilterChain->run()
#15 /home/ye/dev/Graduation-Project/framework/web/CController.php(265): CController->runActionWithFilters(Object(CInlineAction), Array)
#16 /home/ye/dev/Graduation-Project/framework/web/CWebApplication.php(282): CController->run('view')
#17 /home/ye/dev/Graduation-Project/framework/web/CWebApplication.php(141): CWebApplication->runController('user/view')
#18 /home/ye/dev/Graduation-Project/framework/base/CApplication.php(180): CWebApplication->processRequest()
#19 /home/ye/dev/Graduation-Project/application/index.php(13): CApplication->run()
#20 {main}
REQUEST_URI=/application/index.php?r=user/view&id=1
HTTP_REFERER=http://graduate.dev/application/index.php?r=user/index
---
2014/03/03 20:06:53 [error] [exception.CException] exception 'CException' with message 'Alias "bootstrap.widgets.TbDetailView" is invalid. Make sure it points to an existing directory or file.' in /home/ye/dev/Graduation-Project/framework/YiiBase.php:347
Stack trace:
#0 /home/ye/dev/Graduation-Project/framework/web/CWidgetFactory.php(146): YiiBase::import('bootstrap.widge...', true)
#1 /home/ye/dev/Graduation-Project/framework/web/CBaseController.php(146): CWidgetFactory->createWidget(Object(UserController), 'bootstrap.widge...', Array)
#2 /home/ye/dev/Graduation-Project/framework/web/CBaseController.php(172): CBaseController->createWidget('bootstrap.widge...', Array)
#3 /home/ye/dev/Graduation-Project/application/protected/views/user/view.php(29): CBaseController->widget('bootstrap.widge...', Array)
#4 /home/ye/dev/Graduation-Project/framework/web/CBaseController.php(126): require('/home/ye/dev/Gr...')
#5 /home/ye/dev/Graduation-Project/framework/web/CBaseController.php(95): CBaseController->renderInternal('/home/ye/dev/Gr...', Array, true)
#6 /home/ye/dev/Graduation-Project/framework/web/CController.php(869): CBaseController->renderFile('/home/ye/dev/Gr...', Array, true)
#7 /home/ye/dev/Graduation-Project/framework/web/CController.php(782): CController->renderPartial('view', Array, true)
#8 /home/ye/dev/Graduation-Project/application/protected/controllers/UserController.php(56): CController->render('view', Array)
#9 [internal function]: UserController->actionView('1')
#10 /home/ye/dev/Graduation-Project/framework/web/actions/CAction.php(108): ReflectionMethod->invokeArgs(Object(UserController), Array)
#11 /home/ye/dev/Graduation-Project/framework/web/actions/CInlineAction.php(47): CAction->runWithParamsInternal(Object(UserController), Object(ReflectionMethod), Array)
#12 /home/ye/dev/Graduation-Project/framework/web/CController.php(308): CInlineAction->runWithParams(Array)
#13 /home/ye/dev/Graduation-Project/framework/web/filters/CFilterChain.php(133): CController->runAction(Object(CInlineAction))
#14 /home/ye/dev/Graduation-Project/framework/web/CController.php(291): CFilterChain->run()
#15 /home/ye/dev/Graduation-Project/framework/web/CController.php(265): CController->runActionWithFilters(Object(CInlineAction), Array)
#16 /home/ye/dev/Graduation-Project/framework/web/CWebApplication.php(282): CController->run('view')
#17 /home/ye/dev/Graduation-Project/framework/web/CWebApplication.php(141): CWebApplication->runController('user/view')
#18 /home/ye/dev/Graduation-Project/framework/base/CApplication.php(180): CWebApplication->processRequest()
#19 /home/ye/dev/Graduation-Project/application/index.php(13): CApplication->run()
#20 {main}
REQUEST_URI=/application/index.php?r=user/view&id=1
HTTP_REFERER=http://graduate.dev/application/index.php?r=user/index
---
2014/03/03 20:07:30 [error] [exception.CException] exception 'CException' with message 'Alias "bootstrap.widgets.TbDetailView" is invalid. Make sure it points to an existing directory or file.' in /home/ye/dev/Graduation-Project/framework/YiiBase.php:347
Stack trace:
#0 /home/ye/dev/Graduation-Project/framework/web/CWidgetFactory.php(146): YiiBase::import('bootstrap.widge...', true)
#1 /home/ye/dev/Graduation-Project/framework/web/CBaseController.php(146): CWidgetFactory->createWidget(Object(UserController), 'bootstrap.widge...', Array)
#2 /home/ye/dev/Graduation-Project/framework/web/CBaseController.php(172): CBaseController->createWidget('bootstrap.widge...', Array)
#3 /home/ye/dev/Graduation-Project/application/protected/views/user/view.php(29): CBaseController->widget('bootstrap.widge...', Array)
#4 /home/ye/dev/Graduation-Project/framework/web/CBaseController.php(126): require('/home/ye/dev/Gr...')
#5 /home/ye/dev/Graduation-Project/framework/web/CBaseController.php(95): CBaseController->renderInternal('/home/ye/dev/Gr...', Array, true)
#6 /home/ye/dev/Graduation-Project/framework/web/CController.php(869): CBaseController->renderFile('/home/ye/dev/Gr...', Array, true)
#7 /home/ye/dev/Graduation-Project/framework/web/CController.php(782): CController->renderPartial('view', Array, true)
#8 /home/ye/dev/Graduation-Project/application/protected/controllers/UserController.php(56): CController->render('view', Array)
#9 [internal function]: UserController->actionView('1')
#10 /home/ye/dev/Graduation-Project/framework/web/actions/CAction.php(108): ReflectionMethod->invokeArgs(Object(UserController), Array)
#11 /home/ye/dev/Graduation-Project/framework/web/actions/CInlineAction.php(47): CAction->runWithParamsInternal(Object(UserController), Object(ReflectionMethod), Array)
#12 /home/ye/dev/Graduation-Project/framework/web/CController.php(308): CInlineAction->runWithParams(Array)
#13 /home/ye/dev/Graduation-Project/framework/web/filters/CFilterChain.php(133): CController->runAction(Object(CInlineAction))
#14 /home/ye/dev/Graduation-Project/framework/web/CController.php(291): CFilterChain->run()
#15 /home/ye/dev/Graduation-Project/framework/web/CController.php(265): CController->runActionWithFilters(Object(CInlineAction), Array)
#16 /home/ye/dev/Graduation-Project/framework/web/CWebApplication.php(282): CController->run('view')
#17 /home/ye/dev/Graduation-Project/framework/web/CWebApplication.php(141): CWebApplication->runController('user/view')
#18 /home/ye/dev/Graduation-Project/framework/base/CApplication.php(180): CWebApplication->processRequest()
#19 /home/ye/dev/Graduation-Project/application/index.php(13): CApplication->run()
#20 {main}
REQUEST_URI=/application/index.php?r=user/view&id=1
HTTP_REFERER=http://graduate.dev/application/index.php?r=user/index
---
2014/03/03 20:11:27 [error] [exception.CException] exception 'CException' with message 'Property "AdminController.menu" is not defined.' in /home/ye/dev/Graduation-Project/framework/base/CComponent.php:130
Stack trace:
#0 /home/ye/dev/Graduation-Project/application/protected/views/layouts/column2.php(15): CComponent->__get('menu')
#1 /home/ye/dev/Graduation-Project/framework/web/CBaseController.php(126): require('/home/ye/dev/Gr...')
#2 /home/ye/dev/Graduation-Project/framework/web/CBaseController.php(95): CBaseController->renderInternal('/home/ye/dev/Gr...', Array, true)
#3 /home/ye/dev/Graduation-Project/framework/web/CController.php(784): CBaseController->renderFile('/home/ye/dev/Gr...', Array, true)
#4 /home/ye/dev/Graduation-Project/application/protected/controllers/AdminController.php(12): CController->render('index')
#5 /home/ye/dev/Graduation-Project/framework/web/actions/CInlineAction.php(49): AdminController->actionIndex()
#6 /home/ye/dev/Graduation-Project/framework/web/CController.php(308): CInlineAction->runWithParams(Array)
#7 /home/ye/dev/Graduation-Project/framework/web/filters/CFilterChain.php(133): CController->runAction(Object(CInlineAction))
#8 /home/ye/dev/Graduation-Project/framework/web/filters/CFilter.php(40): CFilterChain->run()
#9 /home/ye/dev/Graduation-Project/framework/web/filters/CFilterChain.php(130): CFilter->filter(Object(CFilterChain))
#10 /home/ye/dev/Graduation-Project/framework/web/filters/CFilter.php(40): CFilterChain->run()
#11 /home/ye/dev/Graduation-Project/framework/web/CController.php(1145): CFilter->filter(Object(CFilterChain))
#12 /home/ye/dev/Graduation-Project/framework/web/filters/CInlineFilter.php(58): CController->filterAccessControl(Object(CFilterChain))
#13 /home/ye/dev/Graduation-Project/framework/web/filters/CFilterChain.php(130): CInlineFilter->filter(Object(CFilterChain))
#14 /home/ye/dev/Graduation-Project/framework/web/CController.php(291): CFilterChain->run()
#15 /home/ye/dev/Graduation-Project/framework/web/CController.php(265): CController->runActionWithFilters(Object(CInlineAction), Array)
#16 /home/ye/dev/Graduation-Project/framework/web/CWebApplication.php(282): CController->run('index')
#17 /home/ye/dev/Graduation-Project/framework/web/CWebApplication.php(141): CWebApplication->runController('admin/index')
#18 /home/ye/dev/Graduation-Project/framework/base/CApplication.php(180): CWebApplication->processRequest()
#19 /home/ye/dev/Graduation-Project/application/index.php(13): CApplication->run()
#20 {main}
REQUEST_URI=/application/index.php?r=admin/index
---
